# JRE version: Java(TM) SE Runtime Environment (8.0_191-b12) (build 1.8.0_191-b12)
# Java VM: Java HotSpot(TM) 64-Bit Server VM (25.191-b12 mixed mode windows-amd64 compressed oops)
Heap:
 PSYoungGen      total 293376K, used 246272K [0x00000000eb380000, 0x00000000fff80000, 0x0000000100000000)
  eden space 246272K, 100% used [0x00000000eb380000,0x00000000fa400000,0x00000000fa400000)
  from space 47104K, 0% used [0x00000000fd180000,0x00000000fd180000,0x00000000fff80000)
  to   space 46592K, 0% used [0x00000000fa400000,0x00000000fa400000,0x00000000fd180000)
 ParOldGen       total 251904K, used 209022K [0x00000000c1a00000, 0x00000000d1000000, 0x00000000eb380000)
  object space 251904K, 82% used [0x00000000c1a00000,0x00000000ce61faa0,0x00000000d1000000)
 Metaspace       used 27348K, capacity 28428K, committed 28720K, reserved 1075200K
  class space    used 3609K, capacity 3853K, committed 3888K, reserved 1048576K
GC Heap History (10 events):
Event: 13.958 GC heap before
{Heap before GC invocations=13 (full 3):
 PSYoungGen      total 209408K, used 181168K [0x00000000eb380000, 0x00000000fdb80000, 0x0000000100000000)
  eden space 158208K, 100% used [0x00000000eb380000,0x00000000f4e00000,0x00000000f4e00000)
  from space 51200K, 44% used [0x00000000f4e00000,0x00000000f646c130,0x00000000f8000000)
  to   space 49152K, 0% used [0x00000000fab80000,0x00000000fab80000,0x00000000fdb80000)
 ParOldGen       total 224256K, used 153012K [0x00000000c1a00000, 0x00000000cf500000, 0x00000000eb380000)
  object space 224256K, 68% used [0x00000000c1a00000,0x00000000caf6d3e0,0x00000000cf500000)
 Metaspace       used 27089K, capacity 28162K, committed 28464K, reserved 1073152K
  class space    used 3608K, capacity 3852K, committed 3888K, reserved 1048576K
Event: 13.971 GC heap after
Heap after GC invocations=13 (full 3):
 PSYoungGen      total 238592K, used 20560K [0x00000000eb380000, 0x00000000fd100000, 0x0000000100000000)
  eden space 200192K, 0% used [0x00000000eb380000,0x00000000eb380000,0x00000000f7700000)
  from space 38400K, 53% used [0x00000000fab80000,0x00000000fbf94110,0x00000000fd100000)
  to   space 46080K, 0% used [0x00000000f7700000,0x00000000f7700000,0x00000000fa400000)
 ParOldGen       total 224256K, used 153020K [0x00000000c1a00000, 0x00000000cf500000, 0x00000000eb380000)
  object space 224256K, 68% used [0x00000000c1a00000,0x00000000caf6f3e0,0x00000000cf500000)
 Metaspace       used 27089K, capacity 28162K, committed 28464K, reserved 1073152K
  class space    used 3608K, capacity 3852K, committed 3888K, reserved 1048576K
}
Event: 15.849 GC heap before
{Heap before GC invocations=14 (full 3):
 PSYoungGen      total 238592K, used 219784K [0x00000000eb380000, 0x00000000fd100000, 0x0000000100000000)
  eden space 200192K, 99% used [0x00000000eb380000,0x00000000f760e038,0x00000000f7700000)
  from space 38400K, 53% used [0x00000000fab80000,0x00000000fbf94110,0x00000000fd100000)
  to   space 46080K, 0% used [0x00000000f7700000,0x00000000f7700000,0x00000000fa400000)
 ParOldGen       total 224256K, used 154220K [0x00000000c1a00000, 0x00000000cf500000, 0x00000000eb380000)
  object space 224256K, 68% used [0x00000000c1a00000,0x00000000cb09b3f0,0x00000000cf500000)
 Metaspace       used 27154K, capacity 28226K, committed 28464K, reserved 1073152K
  class space    used 3608K, capacity 3852K, committed 3888K, reserved 1048576K
Event: 15.864 GC heap after
Heap after GC invocations=14 (full 3):
 PSYoungGen      total 246272K, used 31360K [0x00000000eb380000, 0x0000000100000000, 0x0000000100000000)
  eden space 200192K, 0% used [0x00000000eb380000,0x00000000eb380000,0x00000000f7700000)
  from space 46080K, 68% used [0x00000000f7700000,0x00000000f95a01a0,0x00000000fa400000)
  to   space 47616K, 0% used [0x00000000fd180000,0x00000000fd180000,0x0000000100000000)
 ParOldGen       total 224256K, used 154228K [0x00000000c1a00000, 0x00000000cf500000, 0x00000000eb380000)
  object space 224256K, 68% used [0x00000000c1a00000,0x00000000cb09d3f0,0x00000000cf500000)
 Metaspace       used 27154K, capacity 28226K, committed 28464K, reserved 1073152K
  class space    used 3608K, capacity 3852K, committed 3888K, reserved 1048576K
}
Event: 18.107 GC heap before
{Heap before GC invocations=15 (full 4):
 PSYoungGen      total 246272K, used 231552K [0x00000000eb380000, 0x0000000100000000, 0x0000000100000000)
  eden space 200192K, 100% used [0x00000000eb380000,0x00000000f7700000,0x00000000f7700000)
  from space 46080K, 68% used [0x00000000f7700000,0x00000000f95a01a0,0x00000000fa400000)
  to   space 47616K, 0% used [0x00000000fd180000,0x00000000fd180000,0x0000000100000000)
 ParOldGen       total 224256K, used 220396K [0x00000000c1a00000, 0x00000000cf500000, 0x00000000eb380000)
  object space 224256K, 98% used [0x00000000c1a00000,0x00000000cf13b370,0x00000000cf500000)
 Metaspace       used 27199K, capacity 28290K, committed 28464K, reserved 1073152K
  class space    used 3608K, capacity 3852K, committed 3888K, reserved 1048576K
Event: 18.153 GC heap after
Heap after GC invocations=15 (full 4):
 PSYoungGen      total 246272K, used 0K [0x00000000eb380000, 0x0000000100000000, 0x0000000100000000)
  eden space 200192K, 0% used [0x00000000eb380000,0x00000000eb380000,0x00000000f7700000)
  from space 46080K, 0% used [0x00000000f7700000,0x00000000f7700000,0x00000000fa400000)
  to   space 47616K, 0% used [0x00000000fd180000,0x00000000fd180000,0x0000000100000000)
 ParOldGen       total 242176K, used 146380K [0x00000000c1a00000, 0x00000000d0680000, 0x00000000eb380000)
  object space 242176K, 60% used [0x00000000c1a00000,0x00000000ca8f32b0,0x00000000d0680000)
 Metaspace       used 27199K, capacity 28290K, committed 28464K, reserved 1073152K
  class space    used 3608K, capacity 3852K, committed 3888K, reserved 1048576K
}
Event: 19.862 GC heap before
{Heap before GC invocations=16 (full 4):
 PSYoungGen      total 246272K, used 199749K [0x00000000eb380000, 0x0000000100000000, 0x0000000100000000)
  eden space 200192K, 99% used [0x00000000eb380000,0x00000000f7691498,0x00000000f7700000)
  from space 46080K, 0% used [0x00000000f7700000,0x00000000f7700000,0x00000000fa400000)
  to   space 47616K, 0% used [0x00000000fd180000,0x00000000fd180000,0x0000000100000000)
 ParOldGen       total 242176K, used 147580K [0x00000000c1a00000, 0x00000000d0680000, 0x00000000eb380000)
  object space 242176K, 60% used [0x00000000c1a00000,0x00000000caa1f2c0,0x00000000d0680000)
 Metaspace       used 27230K, capacity 28354K, committed 28464K, reserved 1073152K
  class space    used 3608K, capacity 3852K, committed 3888K, reserved 1048576K
Event: 19.879 GC heap after
Heap after GC invocations=16 (full 4):
 PSYoungGen      total 293376K, used 25360K [0x00000000eb380000, 0x00000000fff80000, 0x0000000100000000)
  eden space 246272K, 0% used [0x00000000eb380000,0x00000000eb380000,0x00000000fa400000)
  from space 47104K, 53% used [0x00000000fd180000,0x00000000fea44150,0x00000000fff80000)
  to   space 46592K, 0% used [0x00000000fa400000,0x00000000fa400000,0x00000000fd180000)
 ParOldGen       total 242176K, used 147588K [0x00000000c1a00000, 0x00000000d0680000, 0x00000000eb380000)
  object space 242176K, 60% used [0x00000000c1a00000,0x00000000caa212c0,0x00000000d0680000)
 Metaspace       used 27230K, capacity 28354K, committed 28464K, reserved 1073152K
  class space    used 3608K, capacity 3852K, committed 3888K, reserved 1048576K
}
Event: 22.393 GC heap before
{Heap before GC invocations=17 (full 5):
 PSYoungGen      total 293376K, used 271537K [0x00000000eb380000, 0x00000000fff80000, 0x0000000100000000)
  eden space 246272K, 99% used [0x00000000eb380000,0x00000000fa3e83a0,0x00000000fa400000)
  from space 47104K, 53% used [0x00000000fd180000,0x00000000fea44150,0x00000000fff80000)
  to   space 46592K, 0% used [0x00000000fa400000,0x00000000fa400000,0x00000000fd180000)
 ParOldGen       total 242176K, used 214714K [0x00000000c1a00000, 0x00000000d0680000, 0x00000000eb380000)
  object space 242176K, 88% used [0x00000000c1a00000,0x00000000cebaeac0,0x00000000d0680000)
 Metaspace       used 27322K, capacity 28354K, committed 28464K, reserved 1073152K
  class space    used 3608K, capacity 3852K, committed 3888K, reserved 1048576K
Event: 22.447 GC heap after
Heap after GC invocations=17 (full 5):
 PSYoungGen      total 293376K, used 0K [0x00000000eb380000, 0x00000000fff80000, 0x0000000100000000)
  eden space 246272K, 0% used [0x00000000eb380000,0x00000000eb380000,0x00000000fa400000)
  from space 47104K, 0% used [0x00000000fd180000,0x00000000fd180000,0x00000000fff80000)
  to   space 46592K, 0% used [0x00000000fa400000,0x00000000fa400000,0x00000000fd180000)
 ParOldGen       total 251904K, used 146703K [0x00000000c1a00000, 0x00000000d1000000, 0x00000000eb380000)
  object space 251904K, 58% used [0x00000000c1a00000,0x00000000ca943f80,0x00000000d1000000)
 Metaspace       used 27322K, capacity 28354K, committed 28464K, reserved 1073152K
  class space    used 3608K, capacity 3852K, committed 3888K, reserved 1048576K
}

