# JRE version: Java(TM) SE Runtime Environment (8.0_191-b12) (build 1.8.0_191-b12)
# Java VM: Java HotSpot(TM) 64-Bit Server VM (25.191-b12 mixed mode windows-amd64 compressed oops)
Heap:
 PSYoungGen      total 285184K, used 241857K [0x00000000eb380000, 0x0000000100000000, 0x0000000100000000)
  eden space 228864K, 94% used [0x00000000eb380000,0x00000000f86aa650,0x00000000f9300000)
  from space 56320K, 45% used [0x00000000fc900000,0x00000000fe206180,0x0000000100000000)
  to   space 55296K, 0% used [0x00000000f9300000,0x00000000f9300000,0x00000000fc900000)
 ParOldGen       total 387072K, used 299547K [0x00000000c1a00000, 0x00000000d9400000, 0x00000000eb380000)
  object space 387072K, 77% used [0x00000000c1a00000,0x00000000d3e86c70,0x00000000d9400000)
 Metaspace       used 28258K, capacity 29320K, committed 29616K, reserved 1075200K
  class space    used 3681K, capacity 3931K, committed 4016K, reserved 1048576K
GC Heap History (10 events):
Event: 172.299 GC heap before
{Heap before GC invocations=83 (full 9):
 PSYoungGen      total 302592K, used 272896K [0x00000000eb380000, 0x0000000100000000, 0x0000000100000000)
  eden space 272896K, 100% used [0x00000000eb380000,0x00000000fbe00000,0x00000000fbe00000)
  from space 29696K, 0% used [0x00000000fbe00000,0x00000000fbe00000,0x00000000fdb00000)
  to   space 35328K, 0% used [0x00000000fdd80000,0x00000000fdd80000,0x0000000100000000)
 ParOldGen       total 387072K, used 174008K [0x00000000c1a00000, 0x00000000d9400000, 0x00000000eb380000)
  object space 387072K, 44% used [0x00000000c1a00000,0x00000000cc3ee258,0x00000000d9400000)
 Metaspace       used 28205K, capacity 29308K, committed 29616K, reserved 1075200K
  class space    used 3679K, capacity 3929K, committed 4016K, reserved 1048576K
Event: 172.324 GC heap after
Heap after GC invocations=83 (full 9):
 PSYoungGen      total 290816K, used 34960K [0x00000000eb380000, 0x0000000100000000, 0x0000000100000000)
  eden space 255488K, 0% used [0x00000000eb380000,0x00000000eb380000,0x00000000fad00000)
  from space 35328K, 98% used [0x00000000fdd80000,0x00000000fffa41d0,0x0000000100000000)
  to   space 42496K, 0% used [0x00000000fad00000,0x00000000fad00000,0x00000000fd680000)
 ParOldGen       total 387072K, used 177608K [0x00000000c1a00000, 0x00000000d9400000, 0x00000000eb380000)
  object space 387072K, 45% used [0x00000000c1a00000,0x00000000cc772288,0x00000000d9400000)
 Metaspace       used 28205K, capacity 29308K, committed 29616K, reserved 1075200K
  class space    used 3679K, capacity 3929K, committed 4016K, reserved 1048576K
}
Event: 174.917 GC heap before
{Heap before GC invocations=84 (full 9):
 PSYoungGen      total 290816K, used 289569K [0x00000000eb380000, 0x0000000100000000, 0x0000000100000000)
  eden space 255488K, 99% used [0x00000000eb380000,0x00000000fac24520,0x00000000fad00000)
  from space 35328K, 98% used [0x00000000fdd80000,0x00000000fffa41d0,0x0000000100000000)
  to   space 42496K, 0% used [0x00000000fad00000,0x00000000fad00000,0x00000000fd680000)
 ParOldGen       total 387072K, used 178808K [0x00000000c1a00000, 0x00000000d9400000, 0x00000000eb380000)
  object space 387072K, 46% used [0x00000000c1a00000,0x00000000cc89e298,0x00000000d9400000)
 Metaspace       used 28205K, capacity 29308K, committed 29616K, reserved 1075200K
  class space    used 3679K, capacity 3929K, committed 4016K, reserved 1048576K
Event: 174.929 GC heap after
Heap after GC invocations=84 (full 9):
 PSYoungGen      total 296960K, used 40960K [0x00000000eb380000, 0x0000000100000000, 0x0000000100000000)
  eden space 255488K, 0% used [0x00000000eb380000,0x00000000eb380000,0x00000000fad00000)
  from space 41472K, 98% used [0x00000000fad00000,0x00000000fd500220,0x00000000fd580000)
  to   space 43520K, 0% used [0x00000000fd580000,0x00000000fd580000,0x0000000100000000)
 ParOldGen       total 387072K, used 178808K [0x00000000c1a00000, 0x00000000d9400000, 0x00000000eb380000)
  object space 387072K, 46% used [0x00000000c1a00000,0x00000000cc89e298,0x00000000d9400000)
 Metaspace       used 28205K, capacity 29308K, committed 29616K, reserved 1075200K
  class space    used 3679K, capacity 3929K, committed 4016K, reserved 1048576K
}
Event: 177.787 GC heap before
{Heap before GC invocations=85 (full 9):
 PSYoungGen      total 296960K, used 296448K [0x00000000eb380000, 0x0000000100000000, 0x0000000100000000)
  eden space 255488K, 100% used [0x00000000eb380000,0x00000000fad00000,0x00000000fad00000)
  from space 41472K, 98% used [0x00000000fad00000,0x00000000fd500220,0x00000000fd580000)
  to   space 43520K, 0% used [0x00000000fd580000,0x00000000fd580000,0x0000000100000000)
 ParOldGen       total 387072K, used 229143K [0x00000000c1a00000, 0x00000000d9400000, 0x00000000eb380000)
  object space 387072K, 59% used [0x00000000c1a00000,0x00000000cf9c5f38,0x00000000d9400000)
 Metaspace       used 28207K, capacity 29308K, committed 29616K, reserved 1075200K
  class space    used 3679K, capacity 3929K, committed 4016K, reserved 1048576K
Event: 177.798 GC heap after
Heap after GC invocations=85 (full 9):
 PSYoungGen      total 273408K, used 38560K [0x00000000eb380000, 0x0000000100000000, 0x0000000100000000)
  eden space 229888K, 0% used [0x00000000eb380000,0x00000000eb380000,0x00000000f9400000)
  from space 43520K, 88% used [0x00000000fd580000,0x00000000ffb28200,0x0000000100000000)
  to   space 55296K, 0% used [0x00000000f9400000,0x00000000f9400000,0x00000000fca00000)
 ParOldGen       total 387072K, used 229143K [0x00000000c1a00000, 0x00000000d9400000, 0x00000000eb380000)
  object space 387072K, 59% used [0x00000000c1a00000,0x00000000cf9c5f38,0x00000000d9400000)
 Metaspace       used 28207K, capacity 29308K, committed 29616K, reserved 1075200K
  class space    used 3679K, capacity 3929K, committed 4016K, reserved 1048576K
}
Event: 180.403 GC heap before
{Heap before GC invocations=86 (full 9):
 PSYoungGen      total 273408K, used 268448K [0x00000000eb380000, 0x0000000100000000, 0x0000000100000000)
  eden space 229888K, 100% used [0x00000000eb380000,0x00000000f9400000,0x00000000f9400000)
  from space 43520K, 88% used [0x00000000fd580000,0x00000000ffb28200,0x0000000100000000)
  to   space 55296K, 0% used [0x00000000f9400000,0x00000000f9400000,0x00000000fca00000)
 ParOldGen       total 387072K, used 286335K [0x00000000c1a00000, 0x00000000d9400000, 0x00000000eb380000)
  object space 387072K, 73% used [0x00000000c1a00000,0x00000000d319fe20,0x00000000d9400000)
 Metaspace       used 28225K, capacity 29320K, committed 29616K, reserved 1075200K
  class space    used 3681K, capacity 3931K, committed 4016K, reserved 1048576K
Event: 180.412 GC heap after
Heap after GC invocations=86 (full 9):
 PSYoungGen      total 259584K, used 29184K [0x00000000eb380000, 0x0000000100000000, 0x0000000100000000)
  eden space 229888K, 0% used [0x00000000eb380000,0x00000000eb380000,0x00000000f9400000)
  from space 29696K, 98% used [0x00000000f9400000,0x00000000fb0801a0,0x00000000fb100000)
  to   space 56320K, 0% used [0x00000000fc900000,0x00000000fc900000,0x0000000100000000)
 ParOldGen       total 387072K, used 286343K [0x00000000c1a00000, 0x00000000d9400000, 0x00000000eb380000)
  object space 387072K, 73% used [0x00000000c1a00000,0x00000000d31a1e20,0x00000000d9400000)
 Metaspace       used 28225K, capacity 29320K, committed 29616K, reserved 1075200K
  class space    used 3681K, capacity 3931K, committed 4016K, reserved 1048576K
}
Event: 182.639 GC heap before
{Heap before GC invocations=87 (full 9):
 PSYoungGen      total 259584K, used 259072K [0x00000000eb380000, 0x0000000100000000, 0x0000000100000000)
  eden space 229888K, 100% used [0x00000000eb380000,0x00000000f9400000,0x00000000f9400000)
  from space 29696K, 98% used [0x00000000f9400000,0x00000000fb0801a0,0x00000000fb100000)
  to   space 56320K, 0% used [0x00000000fc900000,0x00000000fc900000,0x0000000100000000)
 ParOldGen       total 387072K, used 299547K [0x00000000c1a00000, 0x00000000d9400000, 0x00000000eb380000)
  object space 387072K, 77% used [0x00000000c1a00000,0x00000000d3e86c70,0x00000000d9400000)
 Metaspace       used 28238K, capacity 29320K, committed 29616K, reserved 1075200K
  class space    used 3681K, capacity 3931K, committed 4016K, reserved 1048576K
Event: 182.648 GC heap after
Heap after GC invocations=87 (full 9):
 PSYoungGen      total 285184K, used 25624K [0x00000000eb380000, 0x0000000100000000, 0x0000000100000000)
  eden space 228864K, 0% used [0x00000000eb380000,0x00000000eb380000,0x00000000f9300000)
  from space 56320K, 45% used [0x00000000fc900000,0x00000000fe206180,0x0000000100000000)
  to   space 55296K, 0% used [0x00000000f9300000,0x00000000f9300000,0x00000000fc900000)
 ParOldGen       total 387072K, used 299547K [0x00000000c1a00000, 0x00000000d9400000, 0x00000000eb380000)
  object space 387072K, 77% used [0x00000000c1a00000,0x00000000d3e86c70,0x00000000d9400000)
 Metaspace       used 28238K, capacity 29320K, committed 29616K, reserved 1075200K
  class space    used 3681K, capacity 3931K, committed 4016K, reserved 1048576K
}

