# JRE version: Java(TM) SE Runtime Environment (8.0_201-b09) (build 1.8.0_201-b09)
# Java VM: Java HotSpot(TM) 64-Bit Server VM (25.201-b09 mixed mode windows-amd64 compressed oops)
Heap:
 PSYoungGen      total 288768K, used 90982K [0x00000000d6100000, 0x00000000e9080000, 0x0000000100000000)
  eden space 276992K, 31% used [0x00000000d6100000,0x00000000db651a68,0x00000000e6f80000)
  from space 11776K, 30% used [0x00000000e8500000,0x00000000e8888030,0x00000000e9080000)
  to   space 16896K, 0% used [0x00000000e6f80000,0x00000000e6f80000,0x00000000e8000000)
 ParOldGen       total 51200K, used 29457K [0x0000000082200000, 0x0000000085400000, 0x00000000d6100000)
  object space 51200K, 57% used [0x0000000082200000,0x0000000083ec4650,0x0000000085400000)
 Metaspace       used 31750K, capacity 32858K, committed 33024K, reserved 1077248K
  class space    used 4265K, capacity 4519K, committed 4608K, reserved 1048576K
GC Heap History (10 events):
Event: 40.093 GC heap before
{Heap before GC invocations=7 (full 1):
 PSYoungGen      total 70656K, used 70086K [0x00000000d6100000, 0x00000000dee00000, 0x0000000100000000)
  eden space 65536K, 99% used [0x00000000d6100000,0x00000000da078f30,0x00000000da100000)
  from space 5120K, 99% used [0x00000000da100000,0x00000000da5f8b28,0x00000000da600000)
  to   space 15872K, 0% used [0x00000000dde80000,0x00000000dde80000,0x00000000dee00000)
 ParOldGen       total 51200K, used 22555K [0x0000000082200000, 0x0000000085400000, 0x00000000d6100000)
  object space 51200K, 44% used [0x0000000082200000,0x0000000083806d08,0x0000000085400000)
 Metaspace       used 31098K, capacity 32148K, committed 32512K, reserved 1077248K
  class space    used 4263K, capacity 4486K, committed 4608K, reserved 1048576K
Event: 40.116 GC heap after
Heap after GC invocations=7 (full 1):
 PSYoungGen      total 128000K, used 11846K [0x00000000d6100000, 0x00000000df500000, 0x0000000100000000)
  eden space 112128K, 0% used [0x00000000d6100000,0x00000000d6100000,0x00000000dce80000)
  from space 15872K, 74% used [0x00000000dde80000,0x00000000dea11810,0x00000000dee00000)
  to   space 16384K, 0% used [0x00000000dce80000,0x00000000dce80000,0x00000000dde80000)
 ParOldGen       total 51200K, used 22563K [0x0000000082200000, 0x0000000085400000, 0x00000000d6100000)
  object space 51200K, 44% used [0x0000000082200000,0x0000000083808d08,0x0000000085400000)
 Metaspace       used 31098K, capacity 32148K, committed 32512K, reserved 1077248K
  class space    used 4263K, capacity 4486K, committed 4608K, reserved 1048576K
}
Event: 42.479 GC heap before
{Heap before GC invocations=8 (full 1):
 PSYoungGen      total 128000K, used 123044K [0x00000000d6100000, 0x00000000df500000, 0x0000000100000000)
  eden space 112128K, 99% used [0x00000000d6100000,0x00000000dcd97b48,0x00000000dce80000)
  from space 15872K, 74% used [0x00000000dde80000,0x00000000dea11810,0x00000000dee00000)
  to   space 16384K, 0% used [0x00000000dce80000,0x00000000dce80000,0x00000000dde80000)
 ParOldGen       total 51200K, used 22563K [0x0000000082200000, 0x0000000085400000, 0x00000000d6100000)
  object space 51200K, 44% used [0x0000000082200000,0x0000000083808d08,0x0000000085400000)
 Metaspace       used 31226K, capacity 32342K, committed 32512K, reserved 1077248K
  class space    used 4263K, capacity 4487K, committed 4608K, reserved 1048576K
Event: 42.509 GC heap after
Heap after GC invocations=8 (full 1):
 PSYoungGen      total 128512K, used 11784K [0x00000000d6100000, 0x00000000e4480000, 0x0000000100000000)
  eden space 112128K, 0% used [0x00000000d6100000,0x00000000d6100000,0x00000000dce80000)
  from space 16384K, 71% used [0x00000000dce80000,0x00000000dda02008,0x00000000dde80000)
  to   space 16384K, 0% used [0x00000000e3480000,0x00000000e3480000,0x00000000e4480000)
 ParOldGen       total 51200K, used 22571K [0x0000000082200000, 0x0000000085400000, 0x00000000d6100000)
  object space 51200K, 44% used [0x0000000082200000,0x000000008380ad08,0x0000000085400000)
 Metaspace       used 31226K, capacity 32342K, committed 32512K, reserved 1077248K
  class space    used 4263K, capacity 4487K, committed 4608K, reserved 1048576K
}
Event: 44.889 GC heap before
{Heap before GC invocations=9 (full 1):
 PSYoungGen      total 128512K, used 123627K [0x00000000d6100000, 0x00000000e4480000, 0x0000000100000000)
  eden space 112128K, 99% used [0x00000000d6100000,0x00000000dce38d50,0x00000000dce80000)
  from space 16384K, 71% used [0x00000000dce80000,0x00000000dda02008,0x00000000dde80000)
  to   space 16384K, 0% used [0x00000000e3480000,0x00000000e3480000,0x00000000e4480000)
 ParOldGen       total 51200K, used 22571K [0x0000000082200000, 0x0000000085400000, 0x00000000d6100000)
  object space 51200K, 44% used [0x0000000082200000,0x000000008380ad08,0x0000000085400000)
 Metaspace       used 31414K, capacity 32490K, committed 32768K, reserved 1077248K
  class space    used 4263K, capacity 4487K, committed 4608K, reserved 1048576K
Event: 44.913 GC heap after
Heap after GC invocations=9 (full 1):
 PSYoungGen      total 210432K, used 8053K [0x00000000d6100000, 0x00000000e4100000, 0x0000000100000000)
  eden space 197632K, 0% used [0x00000000d6100000,0x00000000d6100000,0x00000000e2200000)
  from space 12800K, 62% used [0x00000000e3480000,0x00000000e3c5d4e0,0x00000000e4100000)
  to   space 15872K, 0% used [0x00000000e2200000,0x00000000e2200000,0x00000000e3180000)
 ParOldGen       total 51200K, used 27320K [0x0000000082200000, 0x0000000085400000, 0x00000000d6100000)
  object space 51200K, 53% used [0x0000000082200000,0x0000000083cae190,0x0000000085400000)
 Metaspace       used 31414K, capacity 32490K, committed 32768K, reserved 1077248K
  class space    used 4263K, capacity 4487K, committed 4608K, reserved 1048576K
}
Event: 48.913 GC heap before
{Heap before GC invocations=10 (full 1):
 PSYoungGen      total 210432K, used 204646K [0x00000000d6100000, 0x00000000e4100000, 0x0000000100000000)
  eden space 197632K, 99% used [0x00000000d6100000,0x00000000e20fc548,0x00000000e2200000)
  from space 12800K, 62% used [0x00000000e3480000,0x00000000e3c5d4e0,0x00000000e4100000)
  to   space 15872K, 0% used [0x00000000e2200000,0x00000000e2200000,0x00000000e3180000)
 ParOldGen       total 51200K, used 27320K [0x0000000082200000, 0x0000000085400000, 0x00000000d6100000)
  object space 51200K, 53% used [0x0000000082200000,0x0000000083cae190,0x0000000085400000)
 Metaspace       used 31533K, capacity 32666K, committed 32768K, reserved 1077248K
  class space    used 4265K, capacity 4519K, committed 4608K, reserved 1048576K
Event: 48.924 GC heap after
Heap after GC invocations=10 (full 1):
 PSYoungGen      total 213504K, used 3616K [0x00000000d6100000, 0x00000000e9500000, 0x0000000100000000)
  eden space 197632K, 0% used [0x00000000d6100000,0x00000000d6100000,0x00000000e2200000)
  from space 15872K, 22% used [0x00000000e2200000,0x00000000e2588030,0x00000000e3180000)
  to   space 16384K, 0% used [0x00000000e8500000,0x00000000e8500000,0x00000000e9500000)
 ParOldGen       total 51200K, used 29425K [0x0000000082200000, 0x0000000085400000, 0x00000000d6100000)
  object space 51200K, 57% used [0x0000000082200000,0x0000000083ebc650,0x0000000085400000)
 Metaspace       used 31533K, capacity 32666K, committed 32768K, reserved 1077248K
  class space    used 4265K, capacity 4519K, committed 4608K, reserved 1048576K
}
Event: 52.975 GC heap before
{Heap before GC invocations=11 (full 1):
 PSYoungGen      total 213504K, used 200552K [0x00000000d6100000, 0x00000000e9500000, 0x0000000100000000)
  eden space 197632K, 99% used [0x00000000d6100000,0x00000000e21522b0,0x00000000e2200000)
  from space 15872K, 22% used [0x00000000e2200000,0x00000000e2588030,0x00000000e3180000)
  to   space 16384K, 0% used [0x00000000e8500000,0x00000000e8500000,0x00000000e9500000)
 ParOldGen       total 51200K, used 29425K [0x0000000082200000, 0x0000000085400000, 0x00000000d6100000)
  object space 51200K, 57% used [0x0000000082200000,0x0000000083ebc650,0x0000000085400000)
 Metaspace       used 31729K, capacity 32794K, committed 33024K, reserved 1077248K
  class space    used 4265K, capacity 4519K, committed 4608K, reserved 1048576K
Event: 52.989 GC heap after
Heap after GC invocations=11 (full 1):
 PSYoungGen      total 288768K, used 3616K [0x00000000d6100000, 0x00000000e9080000, 0x0000000100000000)
  eden space 276992K, 0% used [0x00000000d6100000,0x00000000d6100000,0x00000000e6f80000)
  from space 11776K, 30% used [0x00000000e8500000,0x00000000e8888030,0x00000000e9080000)
  to   space 16896K, 0% used [0x00000000e6f80000,0x00000000e6f80000,0x00000000e8000000)
 ParOldGen       total 51200K, used 29457K [0x0000000082200000, 0x0000000085400000, 0x00000000d6100000)
  object space 51200K, 57% used [0x0000000082200000,0x0000000083ec4650,0x0000000085400000)
 Metaspace       used 31729K, capacity 32794K, committed 33024K, reserved 1077248K
  class space    used 4265K, capacity 4519K, committed 4608K, reserved 1048576K
}

