# JRE version: Java(TM) SE Runtime Environment (8.0_191-b12) (build 1.8.0_191-b12)
# Java VM: Java HotSpot(TM) 64-Bit Server VM (25.191-b12 mixed mode windows-amd64 compressed oops)
Heap:
 PSYoungGen      total 143360K, used 85486K [0x00000000eb380000, 0x00000000f9280000, 0x0000000100000000)
  eden space 92160K, 60% used [0x00000000eb380000,0x00000000ee9a5ee8,0x00000000f0d80000)
  from space 51200K, 58% used [0x00000000f0d80000,0x00000000f2ad5b40,0x00000000f3f80000)
  to   space 52224K, 0% used [0x00000000f5f80000,0x00000000f5f80000,0x00000000f9280000)
 ParOldGen       total 188928K, used 93505K [0x00000000c1a00000, 0x00000000cd280000, 0x00000000eb380000)
  object space 188928K, 49% used [0x00000000c1a00000,0x00000000c7550410,0x00000000cd280000)
 Metaspace       used 30130K, capacity 31188K, committed 31408K, reserved 1077248K
  class space    used 3974K, capacity 4217K, committed 4272K, reserved 1048576K
GC Heap History (10 events):
Event: 1.936 GC heap before
{Heap before GC invocations=5 (full 1):
 PSYoungGen      total 68096K, used 2552K [0x00000000eb380000, 0x00000000ef880000, 0x0000000100000000)
  eden space 65536K, 0% used [0x00000000eb380000,0x00000000eb380000,0x00000000ef380000)
  from space 2560K, 99% used [0x00000000ef600000,0x00000000ef87e1e0,0x00000000ef880000)
  to   space 2560K, 0% used [0x00000000ef380000,0x00000000ef380000,0x00000000ef600000)
 ParOldGen       total 44032K, used 35887K [0x00000000c1a00000, 0x00000000c4500000, 0x00000000eb380000)
  object space 44032K, 81% used [0x00000000c1a00000,0x00000000c3d0bfd0,0x00000000c4500000)
 Metaspace       used 20374K, capacity 21260K, committed 21296K, reserved 1067008K
  class space    used 2898K, capacity 3095K, committed 3120K, reserved 1048576K
Event: 1.999 GC heap after
Heap after GC invocations=5 (full 1):
 PSYoungGen      total 68096K, used 0K [0x00000000eb380000, 0x00000000ef880000, 0x0000000100000000)
  eden space 65536K, 0% used [0x00000000eb380000,0x00000000eb380000,0x00000000ef380000)
  from space 2560K, 0% used [0x00000000ef600000,0x00000000ef600000,0x00000000ef880000)
  to   space 2560K, 0% used [0x00000000ef380000,0x00000000ef380000,0x00000000ef600000)
 ParOldGen       total 77824K, used 37781K [0x00000000c1a00000, 0x00000000c6600000, 0x00000000eb380000)
  object space 77824K, 48% used [0x00000000c1a00000,0x00000000c3ee5528,0x00000000c6600000)
 Metaspace       used 20374K, capacity 21260K, committed 21296K, reserved 1067008K
  class space    used 2898K, capacity 3095K, committed 3120K, reserved 1048576K
}
Event: 2.374 GC heap before
{Heap before GC invocations=6 (full 1):
 PSYoungGen      total 68096K, used 63822K [0x00000000eb380000, 0x00000000ef880000, 0x0000000100000000)
  eden space 65536K, 97% used [0x00000000eb380000,0x00000000ef1d3a90,0x00000000ef380000)
  from space 2560K, 0% used [0x00000000ef600000,0x00000000ef600000,0x00000000ef880000)
  to   space 2560K, 0% used [0x00000000ef380000,0x00000000ef380000,0x00000000ef600000)
 ParOldGen       total 77824K, used 37781K [0x00000000c1a00000, 0x00000000c6600000, 0x00000000eb380000)
  object space 77824K, 48% used [0x00000000c1a00000,0x00000000c3ee5528,0x00000000c6600000)
 Metaspace       used 21933K, capacity 22990K, committed 23216K, reserved 1069056K
  class space    used 3149K, capacity 3416K, committed 3504K, reserved 1048576K
Event: 2.419 GC heap after
Heap after GC invocations=6 (full 1):
 PSYoungGen      total 68096K, used 2556K [0x00000000eb380000, 0x00000000f8580000, 0x0000000100000000)
  eden space 65536K, 0% used [0x00000000eb380000,0x00000000eb380000,0x00000000ef380000)
  from space 2560K, 99% used [0x00000000ef380000,0x00000000ef5ff010,0x00000000ef600000)
  to   space 55296K, 0% used [0x00000000f4f80000,0x00000000f4f80000,0x00000000f8580000)
 ParOldGen       total 105984K, used 104689K [0x00000000c1a00000, 0x00000000c8180000, 0x00000000eb380000)
  object space 105984K, 98% used [0x00000000c1a00000,0x00000000c803c410,0x00000000c8180000)
 Metaspace       used 21933K, capacity 22990K, committed 23216K, reserved 1069056K
  class space    used 3149K, capacity 3416K, committed 3504K, reserved 1048576K
}
Event: 2.419 GC heap before
{Heap before GC invocations=7 (full 2):
 PSYoungGen      total 68096K, used 2556K [0x00000000eb380000, 0x00000000f8580000, 0x0000000100000000)
  eden space 65536K, 0% used [0x00000000eb380000,0x00000000eb380000,0x00000000ef380000)
  from space 2560K, 99% used [0x00000000ef380000,0x00000000ef5ff010,0x00000000ef600000)
  to   space 55296K, 0% used [0x00000000f4f80000,0x00000000f4f80000,0x00000000f8580000)
 ParOldGen       total 105984K, used 104689K [0x00000000c1a00000, 0x00000000c8180000, 0x00000000eb380000)
  object space 105984K, 98% used [0x00000000c1a00000,0x00000000c803c410,0x00000000c8180000)
 Metaspace       used 21933K, capacity 22990K, committed 23216K, reserved 1069056K
  class space    used 3149K, capacity 3416K, committed 3504K, reserved 1048576K
Event: 2.452 GC heap after
Heap after GC invocations=7 (full 2):
 PSYoungGen      total 68096K, used 0K [0x00000000eb380000, 0x00000000f8580000, 0x0000000100000000)
  eden space 65536K, 0% used [0x00000000eb380000,0x00000000eb380000,0x00000000ef380000)
  from space 2560K, 0% used [0x00000000ef380000,0x00000000ef380000,0x00000000ef600000)
  to   space 55296K, 0% used [0x00000000f4f80000,0x00000000f4f80000,0x00000000f8580000)
 ParOldGen       total 188928K, used 93489K [0x00000000c1a00000, 0x00000000cd280000, 0x00000000eb380000)
  object space 188928K, 49% used [0x00000000c1a00000,0x00000000c754c410,0x00000000cd280000)
 Metaspace       used 21933K, capacity 22990K, committed 23216K, reserved 1069056K
  class space    used 3149K, capacity 3416K, committed 3504K, reserved 1048576K
}
Event: 12.197 GC heap before
{Heap before GC invocations=8 (full 2):
 PSYoungGen      total 68096K, used 65536K [0x00000000eb380000, 0x00000000f8580000, 0x0000000100000000)
  eden space 65536K, 100% used [0x00000000eb380000,0x00000000ef380000,0x00000000ef380000)
  from space 2560K, 0% used [0x00000000ef380000,0x00000000ef380000,0x00000000ef600000)
  to   space 55296K, 0% used [0x00000000f4f80000,0x00000000f4f80000,0x00000000f8580000)
 ParOldGen       total 188928K, used 93489K [0x00000000c1a00000, 0x00000000cd280000, 0x00000000eb380000)
  object space 188928K, 49% used [0x00000000c1a00000,0x00000000c754c410,0x00000000cd280000)
 Metaspace       used 25008K, capacity 26056K, committed 26288K, reserved 1071104K
  class space    used 3411K, capacity 3645K, committed 3760K, reserved 1048576K
Event: 12.207 GC heap after
Heap after GC invocations=8 (full 2):
 PSYoungGen      total 126976K, used 14184K [0x00000000eb380000, 0x00000000f7180000, 0x0000000100000000)
  eden space 92160K, 0% used [0x00000000eb380000,0x00000000eb380000,0x00000000f0d80000)
  from space 34816K, 40% used [0x00000000f4f80000,0x00000000f5d5a170,0x00000000f7180000)
  to   space 51200K, 0% used [0x00000000f0d80000,0x00000000f0d80000,0x00000000f3f80000)
 ParOldGen       total 188928K, used 93497K [0x00000000c1a00000, 0x00000000cd280000, 0x00000000eb380000)
  object space 188928K, 49% used [0x00000000c1a00000,0x00000000c754e410,0x00000000cd280000)
 Metaspace       used 25008K, capacity 26056K, committed 26288K, reserved 1071104K
  class space    used 3411K, capacity 3645K, committed 3760K, reserved 1048576K
}
Event: 18.814 GC heap before
{Heap before GC invocations=9 (full 2):
 PSYoungGen      total 126976K, used 106220K [0x00000000eb380000, 0x00000000f7180000, 0x0000000100000000)
  eden space 92160K, 99% used [0x00000000eb380000,0x00000000f0d61110,0x00000000f0d80000)
  from space 34816K, 40% used [0x00000000f4f80000,0x00000000f5d5a170,0x00000000f7180000)
  to   space 51200K, 0% used [0x00000000f0d80000,0x00000000f0d80000,0x00000000f3f80000)
 ParOldGen       total 188928K, used 93497K [0x00000000c1a00000, 0x00000000cd280000, 0x00000000eb380000)
  object space 188928K, 49% used [0x00000000c1a00000,0x00000000c754e410,0x00000000cd280000)
 Metaspace       used 29217K, capacity 30286K, committed 30640K, reserved 1075200K
  class space    used 3903K, capacity 4152K, committed 4272K, reserved 1048576K
Event: 18.834 GC heap after
Heap after GC invocations=9 (full 2):
 PSYoungGen      total 143360K, used 30038K [0x00000000eb380000, 0x00000000f9280000, 0x0000000100000000)
  eden space 92160K, 0% used [0x00000000eb380000,0x00000000eb380000,0x00000000f0d80000)
  from space 51200K, 58% used [0x00000000f0d80000,0x00000000f2ad5b40,0x00000000f3f80000)
  to   space 52224K, 0% used [0x00000000f5f80000,0x00000000f5f80000,0x00000000f9280000)
 ParOldGen       total 188928K, used 93505K [0x00000000c1a00000, 0x00000000cd280000, 0x00000000eb380000)
  object space 188928K, 49% used [0x00000000c1a00000,0x00000000c7550410,0x00000000cd280000)
 Metaspace       used 29217K, capacity 30286K, committed 30640K, reserved 1075200K
  class space    used 3903K, capacity 4152K, committed 4272K, reserved 1048576K
}

